  LevelTwo.cpp
C:\Git\2021GraphicsCoursework\Coursework\src\ThrowingRock.h(15,60): warning C4244: '=': conversion from 'int' to 'float', possible loss of data
C:\Git\2021GraphicsCoursework\Coursework\src\TileMap.h(19,14): warning C4240: nonstandard extension used: access to 'TileMap::Tile' now defined to be 'public', previously it was defined to be 'protected'
C:\Git\2021GraphicsCoursework\Coursework\src\TileMap.h(8,9): message : see declaration of 'TileMap::Tile'
  Application.cpp
C:\Git\2021GraphicsCoursework\Coursework\src\TileMap.h(19,14): warning C4240: nonstandard extension used: access to 'TileMap::Tile' now defined to be 'public', previously it was defined to be 'protected'
C:\Git\2021GraphicsCoursework\Coursework\src\TileMap.h(8,9): message : see declaration of 'TileMap::Tile'
C:\Git\2021GraphicsCoursework\Coursework\src\ThrowingRock.h(15,60): warning C4244: '=': conversion from 'int' to 'float', possible loss of data
  Level.cpp
C:\Git\2021GraphicsCoursework\Coursework\src\ThrowingRock.h(15,60): warning C4244: '=': conversion from 'int' to 'float', possible loss of data
C:\Git\2021GraphicsCoursework\Coursework\src\TileMap.h(19,14): warning C4240: nonstandard extension used: access to 'TileMap::Tile' now defined to be 'public', previously it was defined to be 'protected'
C:\Git\2021GraphicsCoursework\Coursework\src\TileMap.h(8,9): message : see declaration of 'TileMap::Tile'
  LevelOne.cpp
C:\Git\2021GraphicsCoursework\Coursework\src\ThrowingRock.h(15,60): warning C4244: '=': conversion from 'int' to 'float', possible loss of data
C:\Git\2021GraphicsCoursework\Coursework\src\TileMap.h(19,14): warning C4240: nonstandard extension used: access to 'TileMap::Tile' now defined to be 'public', previously it was defined to be 'protected'
C:\Git\2021GraphicsCoursework\Coursework\src\TileMap.h(8,9): message : see declaration of 'TileMap::Tile'
  Generating Code...
glew32s.lib(glew.obj) : warning LNK4099: PDB '' was not found with 'glew32s.lib(glew.obj)' or at ''; linking object as if no debug info
LINK : warning LNK4098: defaultlib 'MSVCRT' conflicts with use of other libs; use /NODEFAULTLIB:library
MSVCRTD.lib(initializers.obj) : warning LNK4098: defaultlib 'libcmt.lib' conflicts with use of other libs; use /NODEFAULTLIB:library
LINK : warning LNK4217: symbol 'glewInit' defined in 'glew32s.lib(glew.obj)' is imported by 'Application.obj' in function 'main'
  Game.vcxproj -> C:\Git\2021GraphicsCoursework\x64\Debug\Game.exe
