C:\Program Files (x86)\Microsoft Visual Studio\2017\Community\Common7\IDE\VC\VCTargets\Microsoft.CppBuild.targets(391,5): warning MSB8028: The intermediate directory (x64\Debug\) contains files shared from another project (Accursed.vcxproj).  This can lead to incorrect clean and rebuild behavior.
  Sprite.cpp
  Rectangle.cpp
  stb_image.cpp
  Renderer.cpp
  Shape.cpp
  Entity.cpp
  Application.cpp
  Shader.cpp
  VertexArray.cpp
  Texture.cpp
  Tile.cpp
  TileMap.cpp
  TextureManager.cpp
c:\git\2021graphicscoursework\coursework\src\texturemanager.cpp(33): warning C4477: 'printf' : format string '%s' requires an argument of type 'char *', but variadic argument 1 has type 'const std::string'
  Generating Code...
LINK : warning LNK4098: defaultlib 'MSVCRT' conflicts with use of other libs; use /NODEFAULTLIB:library
LINK : warning LNK4098: defaultlib 'LIBCMT' conflicts with use of other libs; use /NODEFAULTLIB:library
glew32s.lib(glew.obj) : warning LNK4099: PDB 'vc120.pdb' was not found with 'glew32s.lib(glew.obj)' or at 'C:\Git\2021GraphicsCoursework\x64\Debug\vc120.pdb'; linking object as if no debug info
  Coursework.vcxproj -> C:\Git\2021GraphicsCoursework\x64\Debug\Coursework.exe
